<?xml version="1.0" encoding="UTF-8"?>
<testng-results ignored="0" total="3" passed="3" failed="0" skipped="0">
  <reporter-output>
  </reporter-output>
  <suite started-at="2023-11-22T12:06:15 IST" name="Default suite" finished-at="2023-11-22T12:06:25 IST" duration-ms="10637">
    <groups>
    </groups>
    <test started-at="2023-11-22T12:06:15 IST" name="Default test" finished-at="2023-11-22T12:06:25 IST" duration-ms="10637">
      <class name="com.TestNG_OHRMvalid_Invalid.OHRMAddEmployeePhotograph">
        <test-method is-config="true" signature="setup()[pri:0, instance:com.TestNG_OHRMvalid_Invalid.OHRMAddEmployeePhotograph@3d5c822d]" started-at="2023-11-22T12:06:15 IST" name="setup" finished-at="2023-11-22T12:06:17 IST" duration-ms="2796" status="PASS">
          <reporter-output>
          </reporter-output>
        </test-method> <!-- setup -->
        <test-method signature="Login()[pri:1, instance:com.TestNG_OHRMvalid_Invalid.OHRMAddEmployeePhotograph@3d5c822d]" started-at="2023-11-22T12:06:18 IST" name="Login" finished-at="2023-11-22T12:06:20 IST" duration-ms="2240" status="PASS">
          <reporter-output>
          </reporter-output>
        </test-method> <!-- Login -->
        <test-method signature="PIM()[pri:2, instance:com.TestNG_OHRMvalid_Invalid.OHRMAddEmployeePhotograph@3d5c822d]" started-at="2023-11-22T12:06:20 IST" name="PIM" finished-at="2023-11-22T12:06:22 IST" duration-ms="1897" status="PASS">
          <reporter-output>
          </reporter-output>
        </test-method> <!-- PIM -->
        <test-method signature="AddEmployee()[pri:3, instance:com.TestNG_OHRMvalid_Invalid.OHRMAddEmployeePhotograph@3d5c822d]" started-at="2023-11-22T12:06:22 IST" name="AddEmployee" finished-at="2023-11-22T12:06:25 IST" duration-ms="3621" status="PASS">
          <reporter-output>
          </reporter-output>
        </test-method> <!-- AddEmployee -->
      </class> <!-- com.TestNG_OHRMvalid_Invalid.OHRMAddEmployeePhotograph -->
    </test> <!-- Default test -->
  </suite> <!-- Default suite -->
</testng-results>
