<?xml version="1.0" encoding="UTF-8"?>
<!-- Generated by org.testng.reporters.JUnitXMLReporter -->
<testsuite ignored="0" hostname="DESKTOP-VG47FDA" failures="0" tests="3" name="Default test" time="14.232" errors="0" timestamp="2023-12-01T18:38:24 IST">
  <testcase classname="com.OrangeHRMApplicationTestCases.OrangeHRMLoginPageTest" name="ValidatingLoginPanelTextTest" time="0.125"/>
  <testcase classname="com.OrangeHRMApplicationTestCases.OrangeHRMLoginPageTest" name="validatingOrangeHRMApplicationLoginPageLogoTest" time="0.091"/>
  <testcase classname="com.OrangeHRMApplicationTestCases.OrangeHRMLoginPageTest" name="validatingLoginFunctionalityTest" time="5.068"/>
</testsuite> <!-- Default test -->
