<?xml version="1.0" encoding="UTF-8"?>
<testng-results ignored="0" total="3" passed="3" failed="0" skipped="0">
  <reporter-output>
  </reporter-output>
  <suite started-at="2023-12-01T18:38:10 IST" name="Default suite" finished-at="2023-12-01T18:38:24 IST" duration-ms="14232">
    <groups>
    </groups>
    <test started-at="2023-12-01T18:38:10 IST" name="Default test" finished-at="2023-12-01T18:38:24 IST" duration-ms="14232">
      <class name="com.OrangeHRMApplicationTestCases.OrangeHRMLoginPageTest">
        <test-method is-config="true" signature="setup()[pri:0, instance:com.OrangeHRMApplicationTestCases.OrangeHRMLoginPageTest@1af2d44a]" started-at="2023-12-01T18:38:10 IST" name="setup" finished-at="2023-12-01T18:38:18 IST" duration-ms="8588" status="PASS">
          <reporter-output>
          </reporter-output>
        </test-method> <!-- setup -->
        <test-method signature="ValidatingLoginPanelTextTest()[pri:1, instance:com.OrangeHRMApplicationTestCases.OrangeHRMLoginPageTest@1af2d44a]" started-at="2023-12-01T18:38:18 IST" name="ValidatingLoginPanelTextTest" description="Validating OrangeHRMapplication LoginPage Text Test" finished-at="2023-12-01T18:38:18 IST" duration-ms="125" status="PASS">
          <reporter-output>
          </reporter-output>
        </test-method> <!-- ValidatingLoginPanelTextTest -->
        <test-method signature="validatingOrangeHRMApplicationLoginPageLogoTest()[pri:2, instance:com.OrangeHRMApplicationTestCases.OrangeHRMLoginPageTest@1af2d44a]" started-at="2023-12-01T18:38:18 IST" name="validatingOrangeHRMApplicationLoginPageLogoTest" description="validatingOrangeHRMApplicationLoginPageLogoTest" finished-at="2023-12-01T18:38:18 IST" duration-ms="91" status="PASS">
          <reporter-output>
          </reporter-output>
        </test-method> <!-- validatingOrangeHRMApplicationLoginPageLogoTest -->
        <test-method signature="validatingLoginFunctionalityTest()[pri:3, instance:com.OrangeHRMApplicationTestCases.OrangeHRMLoginPageTest@1af2d44a]" started-at="2023-12-01T18:38:18 IST" name="validatingLoginFunctionalityTest" description="validatingLoginFunctionalityTest" finished-at="2023-12-01T18:38:24 IST" duration-ms="5068" status="PASS">
          <reporter-output>
          </reporter-output>
        </test-method> <!-- validatingLoginFunctionalityTest -->
        <test-method is-config="true" signature="teardown()[pri:0, instance:com.OrangeHRMApplicationTestCases.OrangeHRMLoginPageTest@1af2d44a]" started-at="2023-12-01T18:38:24 IST" name="teardown" finished-at="2023-12-01T18:38:24 IST" duration-ms="307" status="PASS">
          <reporter-output>
          </reporter-output>
        </test-method> <!-- teardown -->
      </class> <!-- com.OrangeHRMApplicationTestCases.OrangeHRMLoginPageTest -->
    </test> <!-- Default test -->
  </suite> <!-- Default suite -->
</testng-results>
