<?xml version="1.0" encoding="UTF-8"?>
<testng-results ignored="0" total="1" passed="1" failed="0" skipped="0">
  <reporter-output>
  </reporter-output>
  <suite started-at="2023-11-27T10:52:58 IST" name="Default suite" finished-at="2023-11-27T10:53:01 IST" duration-ms="2795">
    <groups>
    </groups>
    <test started-at="2023-11-27T10:52:58 IST" name="Default test" finished-at="2023-11-27T10:53:01 IST" duration-ms="2795">
      <class name="DataDrivenTest.DataDrivenwithjson">
        <test-method signature="sendpostRequest()[pri:0, instance:DataDrivenTest.DataDrivenwithjson@6283d8b8]" started-at="2023-11-27T10:52:58 IST" name="sendpostRequest" finished-at="2023-11-27T10:53:01 IST" duration-ms="2751" status="PASS">
          <reporter-output>
          </reporter-output>
        </test-method> <!-- sendpostRequest -->
      </class> <!-- DataDrivenTest.DataDrivenwithjson -->
    </test> <!-- Default test -->
  </suite> <!-- Default suite -->
</testng-results>
